# callgrind format
version: 1
creator: callgrind-3.15.0
pid: 24348
cmd:  ./mdriver -f traces/xterm.rep
part: 1


desc: I1 cache: 
desc: D1 cache: 
desc: LL cache: 

desc: Timerange: Basic block 0 - 123961394
desc: Trigger: Program termination

positions: line
events: Ir
summary: 2728263


ob=(5) /home/krystian-jasionek/Studia/Semestr V/SO/Projekty/malloc2.0/mdriver
fl=(145) /home/krystian-jasionek/Studia/Semestr V/SO/Projekty/malloc2.0/memlib.c
fn=(612) mem_sbrk
55 12345
+1 12345
+2 61725
+6 12345
+2 12345

fn=(614) mem_heap_lo
71 110787
+2 221574

fl=(112) ???
fn=(350) _start
cob=(3) /lib/x86_64-linux-gnu/libc-2.31.so
cfi=(113) /build/glibc-eX1tMB/glibc-2.31/csu/../csu/libc-start.c
cfn=(352) (below main)
calls=1 137 
0 2728263

fl=(119) /home/krystian-jasionek/Studia/Semestr V/SO/Projekty/malloc2.0/mdriver.c
fn=(644) eval_mm_speed
cfi=(164) /home/krystian-jasionek/Studia/Semestr V/SO/Projekty/malloc2.0/mm.c
cfn=(630) mm_realloc
calls=15 680 
846 828
cfi=(164)
cfn=(628) mm_free
calls=3569 559 
858 289110
cfi=(164)
cfn=(616) mm_malloc
calls=8329 520 
837 619483

fn=(638) fsecs
cfn=(644)
calls=1 819 
189 909421

fn=(378) main
cfi=(164)
cfn=(630)
calls=15 680 
676 828
cfi=(164)
cfn=(630)
calls=15 680 
775 828
cfi=(164)
cfn=(628)
calls=3569 559 
715 289110
cfi=(164)
cfn=(616)
calls=8329 520 
650 619483
cfi=(164)
cfn=(628)
calls=3569 559 
795 289110
cfi=(164)
cfn=(616)
calls=8329 520 
759 619483
cfn=(638)
calls=1 184 
219 909421

fl=(164)
fn=(628)
559 10707
+5 21414
-5 53535
+25 10707
-25 10707
134 10707
559 10707
64 32121
+70 21414
+6 64242
-76 21414
+61 21414
-48 10707
+48 10707
630 30570
+11 60735
87 10398
+1 5199
659 10398
152 10707
cfi=(145)
cfn=(614)
calls=10719 -81 
* 32121
+89 10707
-1 10707
-88 10707
+89 21414
-69 1353
-14 4059
674 10824
158 28062
674 74832
242 18708
663 13248
64 5508
194 5508
645 11016
152 5508
cfi=(145)
cfn=(614)
calls=5508 -81 
* 16524
+32 5508
-32 11016
cfi=(145)
cfn=(614)
calls=5508 -81 
* 16524
* 5508
271 11016
+9 1080
158 360
288 720
163 108
-86 54
+10 54
+1 54
659 162
77 5454
+10 5454
+1 5454
659 16362
+1 12699
194 1551
632 1551
152 1551
cfi=(145)
cfn=(614)
calls=1551 -81 
* 4653
+32 1551
-32 3102
cfi=(145)
cfn=(614)
calls=1551 -81 
* 4653
* 1551
271 3102
+9 603
158 198
288 396
163 36
+5 36
278 5148
+1 15444
-1 1350
+1 2700
158 9
295 1242

fn=(616)
520 124935
316 24987
520 24987
316 24987
+78 24987
cfi=(145)
cfn=(614)
calls=25008 71 
* 74961
* 49974
-1 24987
+7 56877
+13 35670
184 26670
-32 26670
cfi=(145)
cfn=(614)
calls=26673 -81 
* 80010
* 26670
400 53340
64 78624
408 39312
+1 78624
194 3642
-42 3642
cfi=(145)
cfn=(614)
calls=3642 -81 
* 10926
+32 3642
-32 7284
cfi=(145)
cfn=(614)
calls=3642 -81 
* 10926
* 3642
271 7284
+9 2367
158 768
288 1536
163 87
+5 87
535 24690
cfi=(145)
cfn=(612)
calls=12348 55 
* 111105
+2 12345
-2 12345
+3 24690
87 12345
-23 12345
+23 12345
-23 12345
+13 12345
+11 12345
+19 12345
555 74070
87 12642
-23 12642
+23 12642
-23 12642
+13 12642
+11 12642
+19 12642
555 75852
328 9000
+3 9000
-4 9000
+4 9000
77 9000
+10 9000
+1 9000
-11 9000
+10 9000
+1 9000
194 9000
-42 9000
cfi=(145)
cfn=(614)
calls=9018 -81 
* 27000
+32 9000
-32 18000
cfi=(145)
cfn=(614)
calls=9018 -81 
* 27000
* 9000
271 18000
+9 7146
158 2373
288 4746
163 288
-11 144
cfi=(145)
cfn=(614)
calls=144 -81 
* 432
* 8856
cfi=(145)
cfn=(614)
calls=8874 -81 
* 26568
+89 9000
-1 9000
-88 9000
+89 18000
+1 6618
-84 19854
+99 6618
-99 7146
+99 2382
-99 99
+14 2382
+1 2382
278 2853
+1 5706
-1 6618
+1 19854
+54 13224
-38 8049

fn=(630)
680 405
+8 90
+6 90
64 36
699 36
316 36
125 36
-6 36
316 36
64 36
700 36
125 36
-9 36
+9 36
707 72
+11 21
+58 54
+22 36
+1 18
+12 36
+51 36
+2 24
64 12
fi=(147) /usr/include/x86_64-linux-gnu/bits/string_fortified.h
-30 24
fe=(164)
+30 12
869 12
fi=(147)
34 36
cob=(2) ???
cfi=(18) ???
cfn=(632) 0x0000000000109300
calls=12 -34 
* 165
fe=(164)
875 24
+3 324
732 3
+1 3
87 3
-23 3
+23 3
-23 3
+13 3
+11 3
738 15
77 3
+10 3
238 3
88 3
+64 3
cfi=(145)
cfn=(614)
calls=3 -81 
* 9
+89 3
-1 3
-88 3
+89 6
-83 6
765 3
158 3
765 3
64 6
799 6
+12 18
87 6
814 6
87 6
814 6
64 6
+23 6
-23 6
+13 6
+11 6
194 6
-42 6
cfi=(145)
cfn=(614)
calls=6 -81 
* 18
* 6
+32 6
-32 18
cfi=(145)
cfn=(614)
calls=6 -81 
* 18
271 6
152 6
271 12
+9 18
158 6
288 12
163 3
828 12
+17 48
172 3
+1 3
878 9
695 9
878 54
695 9
815 6
77 6
238 6
87 6
+1 6
+64 6
cfi=(145)
cfn=(614)
calls=6 -81 
* 18
+89 6
-1 6
-88 6
+89 12
-83 12
840 6
158 6
840 6
172 6
+1 6
295 6

ob=(3)
fl=(142) /build/glibc-eX1tMB/glibc-2.31/string/../sysdeps/x86_64/multiarch/memmove-vec-unaligned-erms.S
fn=(468) __memcpy_avx_unaligned_erms
225 12
+1 12
+6 12
+1 12
+1 9
+1 9
+3 9
+1 9
+1 9
+1 9
+2 9
+1 9
+33 3
+1 3
+26 3
+1 3
+1 3
+1 3
+1 3

fl=(113)
fn=(352)
cob=(5)
cfi=(119)
cfn=(378)
calls=1 231 
308 2728263

ob=(1) /lib/x86_64-linux-gnu/ld-2.31.so
fl=(1) ???
fn=(0) 0x0000000000001100
cob=(5)
cfi=(112)
cfn=(350)
calls=1 0 
0 2728263

ob=(2)
fl=(18)
fn=(632)
0 24
cob=(3)
cfi=(142)
cfn=(468)
calls=12 225 
0 141

totals: 2728263
